Using pre-set license
Built from '2021.3/staging' branch; Version is '2021.3.26f1 (a16dc32e0ff2) revision 10579395'; Using compiler version '192829333'; Build Type 'Release'
OS: 'Windows 11  (10.0.22621) 64bit Professional' Language: 'tr' Physical Memory: 7933 MB
BatchMode: 1, IsHumanControllingUs: 0, StartBugReporterOnCrash: 0, Is64bit: 1, IsPro: 1

COMMAND LINE ARGUMENTS:
C:\Program Files\Unity\Hub\Editor\2021.3.26f1\Editor\Unity.exe
-adb2
-batchMode
-noUpm
-name
AssetImportWorker1
-projectPath
C:/Users/Nightvaile/Desktop/Ders/Çalışıyorumdur/Unity/3.hafta
-logFile
Logs/AssetImportWorker1.log
-srvPort
61423
Successfully changed project path to: C:/Users/Nightvaile/Desktop/Ders/Çalışıyorumdur/Unity/3.hafta
C:/Users/Nightvaile/Desktop/Ders/Çalışıyorumdur/Unity/3.hafta
[UnityMemory] Configuration Parameters - Can be set up in boot.config
    "memorysetup-bucket-allocator-granularity=16"
    "memorysetup-bucket-allocator-bucket-count=8"
    "memorysetup-bucket-allocator-block-size=33554432"
    "memorysetup-bucket-allocator-block-count=8"
    "memorysetup-main-allocator-block-size=16777216"
    "memorysetup-thread-allocator-block-size=16777216"
    "memorysetup-gfx-main-allocator-block-size=16777216"
    "memorysetup-gfx-thread-allocator-block-size=16777216"
    "memorysetup-cache-allocator-block-size=4194304"
    "memorysetup-typetree-allocator-block-size=2097152"
    "memorysetup-profiler-bucket-allocator-granularity=16"
    "memorysetup-profiler-bucket-allocator-bucket-count=8"
    "memorysetup-profiler-bucket-allocator-block-size=33554432"
    "memorysetup-profiler-bucket-allocator-block-count=8"
    "memorysetup-profiler-allocator-block-size=16777216"
    "memorysetup-profiler-editor-allocator-block-size=1048576"
    "memorysetup-temp-allocator-size-main=16777216"
    "memorysetup-job-temp-allocator-block-size=2097152"
    "memorysetup-job-temp-allocator-block-size-background=1048576"
    "memorysetup-job-temp-allocator-reduction-small-platforms=262144"
    "memorysetup-temp-allocator-size-background-worker=32768"
    "memorysetup-temp-allocator-size-job-worker=262144"
    "memorysetup-temp-allocator-size-preload-manager=33554432"
    "memorysetup-temp-allocator-size-nav-mesh-worker=65536"
    "memorysetup-temp-allocator-size-audio-worker=65536"
    "memorysetup-temp-allocator-size-cloud-worker=32768"
    "memorysetup-temp-allocator-size-gi-baking-worker=262144"
    "memorysetup-temp-allocator-size-gfx=262144"
Player connection [26020] Host "[IP] 192.168.1.33 [Port] 0 [Flags] 2 [Guid] 4260264260 [EditorId] 4260264260 [Version] 1048832 [Id] WindowsEditor(7,NightvailePC) [Debug] 1 [PackageName] WindowsEditor [ProjectName] Editor" joined multi-casting on [225.0.0.222:54997]...

Player connection [26020] Host "[IP] 192.168.1.33 [Port] 0 [Flags] 2 [Guid] 4260264260 [EditorId] 4260264260 [Version] 1048832 [Id] WindowsEditor(7,NightvailePC) [Debug] 1 [PackageName] WindowsEditor [ProjectName] Editor" joined alternative multi-casting on [225.0.0.222:34997]...

Refreshing native plugins compatible for Editor in 74.04 ms, found 3 plugins.
Preloading 0 native plugins for Editor in 0.00 ms.
Initialize engine version: 2021.3.26f1 (a16dc32e0ff2)
[Subsystems] Discovering subsystems at path C:/Program Files/Unity/Hub/Editor/2021.3.26f1/Editor/Data/Resources/UnitySubsystems
[Subsystems] Discovering subsystems at path C:/Users/Nightvaile/Desktop/Ders/Çalışıyorumdur/Unity/3.hafta/Assets
GfxDevice: creating device client; threaded=0; jobified=0
Direct3D:
    Version:  Direct3D 11.0 [level 11.1]
    Renderer: NVIDIA GeForce RTX 3050 Ti Laptop GPU (ID=0x25a0)
    Vendor:   NVIDIA
    VRAM:     3976 MB
    Driver:   31.0.15.3667
Initialize mono
Mono path[0] = 'C:/Program Files/Unity/Hub/Editor/2021.3.26f1/Editor/Data/Managed'
Mono path[1] = 'C:/Program Files/Unity/Hub/Editor/2021.3.26f1/Editor/Data/MonoBleedingEdge/lib/mono/unityjit-win32'
Mono config path = 'C:/Program Files/Unity/Hub/Editor/2021.3.26f1/Editor/Data/MonoBleedingEdge/etc'
Using monoOptions --debugger-agent=transport=dt_socket,embedding=1,server=y,suspend=n,address=127.0.0.1:56080
Begin MonoManager ReloadAssembly
Registering precompiled unity dll's ...
Register platform support module: C:/Program Files/Unity/Hub/Editor/2021.3.26f1/Editor/Data/PlaybackEngines/WebGLSupport/UnityEditor.WebGL.Extensions.dll
Register platform support module: C:/Program Files/Unity/Hub/Editor/2021.3.26f1/Editor/Data/PlaybackEngines/WindowsStandaloneSupport/UnityEditor.WindowsStandalone.Extensions.dll
Registered in 0.008076 seconds.
Native extension for WindowsStandalone target not found
Native extension for WebGL target not found
Refreshing native plugins compatible for Editor in 76.37 ms, found 3 plugins.
Preloading 0 native plugins for Editor in 0.00 ms.
Mono: successfully reloaded assembly
- Completed reload, in  0.826 seconds
Domain Reload Profiling:
	ReloadAssembly (827ms)
		BeginReloadAssembly (193ms)
			ExecutionOrderSort (0ms)
			DisableScriptedObjects (0ms)
			BackupInstance (0ms)
			ReleaseScriptingObjects (0ms)
			CreateAndSetChildDomain (2ms)
		EndReloadAssembly (470ms)
			LoadAssemblies (191ms)
			RebuildTransferFunctionScriptingTraits (0ms)
			SetupTypeCache (124ms)
			ReleaseScriptCaches (0ms)
			RebuildScriptCaches (30ms)
			SetupLoadedEditorAssemblies (261ms)
				LogAssemblyErrors (0ms)
				InitializePlatformSupportModulesInManaged (9ms)
				SetLoadedEditorAssemblies (0ms)
				RefreshPlugins (76ms)
				BeforeProcessingInitializeOnLoad (1ms)
				ProcessInitializeOnLoadAttributes (124ms)
				ProcessInitializeOnLoadMethodAttributes (49ms)
				AfterProcessingInitializeOnLoad (0ms)
				EditorAssembliesLoaded (0ms)
			ExecutionOrderSort2 (0ms)
			AwakeInstancesAfterBackupRestoration (0ms)
Platform modules already initialized, skipping
Registering precompiled user dll's ...
Registered in 0.011958 seconds.
Begin MonoManager ReloadAssembly
Symbol file LoadedFromMemory doesn't match image C:\Users\Nightvaile\Desktop\Ders\Çalışıyorumdur\Unity\3.hafta\Library\PackageCache\com.unity.visualscripting@1.8.0\Editor\VisualScripting.Core\Dependencies\YamlDotNet\Unity.VisualScripting.YamlDotNet.dll
Symbol file LoadedFromMemory doesn't match image C:\Users\Nightvaile\Desktop\Ders\Çalışıyorumdur\Unity\3.hafta\Library\PackageCache\com.unity.visualscripting@1.8.0\Editor\VisualScripting.Core\Dependencies\DotNetZip\Unity.VisualScripting.IonicZip.dll
Native extension for WindowsStandalone target not found
Native extension for WebGL target not found
Refreshing native plugins compatible for Editor in 0.52 ms, found 3 plugins.
Preloading 0 native plugins for Editor in 0.00 ms.
Mono: successfully reloaded assembly
- Completed reload, in  1.017 seconds
Domain Reload Profiling:
	ReloadAssembly (1017ms)
		BeginReloadAssembly (110ms)
			ExecutionOrderSort (0ms)
			DisableScriptedObjects (6ms)
			BackupInstance (0ms)
			ReleaseScriptingObjects (0ms)
			CreateAndSetChildDomain (19ms)
		EndReloadAssembly (805ms)
			LoadAssemblies (115ms)
			RebuildTransferFunctionScriptingTraits (0ms)
			SetupTypeCache (288ms)
			ReleaseScriptCaches (1ms)
			RebuildScriptCaches (55ms)
			SetupLoadedEditorAssemblies (302ms)
				LogAssemblyErrors (0ms)
				InitializePlatformSupportModulesInManaged (6ms)
				SetLoadedEditorAssemblies (0ms)
				RefreshPlugins (1ms)
				BeforeProcessingInitializeOnLoad (72ms)
				ProcessInitializeOnLoadAttributes (200ms)
				ProcessInitializeOnLoadMethodAttributes (17ms)
				AfterProcessingInitializeOnLoad (5ms)
				EditorAssembliesLoaded (0ms)
			ExecutionOrderSort2 (0ms)
			AwakeInstancesAfterBackupRestoration (6ms)
Platform modules already initialized, skipping
========================================================================
Worker process is ready to serve import requests
Launched and connected shader compiler UnityShaderCompiler.exe after 0.06 seconds
Refreshing native plugins compatible for Editor in 0.77 ms, found 3 plugins.
Preloading 0 native plugins for Editor in 0.00 ms.
Unloading 3051 Unused Serialized files (Serialized files now loaded: 0)
Unloading 22 unused Assets / (56.2 KB). Loaded Objects now: 3531.
Memory consumption went from 119.7 MB to 119.7 MB.
Total: 4.972000 ms (FindLiveObjects: 0.437100 ms CreateObjectMapping: 0.196200 ms MarkObjects: 4.077300 ms  DeleteObjects: 0.259300 ms)

AssetImportParameters requested are different than current active one (requested -> active):
  custom:video-decoder-ogg-theora: a1e56fd34408186e4bbccfd4996cb3dc -> 
  custom:container-muxer-webm: aa71ff27fc2769a1b78a27578f13a17b -> 
  custom:container-demuxer-webm: 4f35f7cbe854078d1ac9338744f61a02 -> 
  custom:video-encoder-webm-vp8: eb34c28f22e8b96e1ab97ce403110664 -> 
  custom:video-codec-MediaFoundation-h265: 746d11721c4dcdbdad8f713fa42b33f4 -> 
  custom:audio-encoder-webm-vorbis: bf7c407c2cedff20999df2af8eb42d56 -> 
  custom:framework-win-MediaFoundation: 216162199b28c13a410421893ffa2e32 -> 
  custom:container-demuxer-ogg: 62fdf1f143b41e24485cea50d1cbac27 -> 
  custom:video-decoder-webm-vp8: 9c59270c3fd7afecdb556c50c9e8de78 -> 
  custom:audio-decoder-ogg-vorbis: bf7c407c2cedff20999df2af8eb42d56 -> 
========================================================================
Received Import Request.
  Time since last request: 82560.615394 seconds.
  path: Assets
  artifactKey: Guid(00000000000000001000000000000000) Importer(815301076,1909f56bfc062723c751e8b465ee728b)
Start importing Assets using Guid(00000000000000001000000000000000) Importer(815301076,1909f56bfc062723c751e8b465ee728b)  -> (artifact id: '79842766b460edbeab6a34051e857a80') in 0.008296 seconds 
========================================================================
Received Import Request.
  Time since last request: 97.780561 seconds.
  path: Assets/textures/2k_earth_nightmap.jpg
  artifactKey: Guid(c7b8f1c1edfac9f4499a8a0e0b6463ac) Importer(815301076,1909f56bfc062723c751e8b465ee728b)
Start importing Assets/textures/2k_earth_nightmap.jpg using Guid(c7b8f1c1edfac9f4499a8a0e0b6463ac) Importer(815301076,1909f56bfc062723c751e8b465ee728b)  -> (artifact id: 'b433d4b3007e428fdb2b794fce737a36') in 0.075681 seconds 
========================================================================
Received Import Request.
  Time since last request: 0.000041 seconds.
  path: Assets/textures/2k_neptune.jpg
  artifactKey: Guid(954713659d28002429a92154a1e8e1e3) Importer(815301076,1909f56bfc062723c751e8b465ee728b)
Start importing Assets/textures/2k_neptune.jpg using Guid(954713659d28002429a92154a1e8e1e3) Importer(815301076,1909f56bfc062723c751e8b465ee728b)  -> (artifact id: '22176d5f338d82cc1084dd557be935cf') in 0.009313 seconds 
========================================================================
Received Import Request.
  Time since last request: 0.000092 seconds.
  path: Assets/textures/2k_sun.jpg
  artifactKey: Guid(3a02b73ce23f03a42a73ce978a36c825) Importer(815301076,1909f56bfc062723c751e8b465ee728b)
Start importing Assets/textures/2k_sun.jpg using Guid(3a02b73ce23f03a42a73ce978a36c825) Importer(815301076,1909f56bfc062723c751e8b465ee728b)  -> (artifact id: '84f6bd5e498c2f4fce076c503ef1c7ac') in 0.014627 seconds 
========================================================================
Received Import Request.
  Time since last request: 0.000042 seconds.
  path: Assets/textures/2k_stars_milky_way.jpg
  artifactKey: Guid(79b73d1c19029824e9a198c40531b5f4) Importer(815301076,1909f56bfc062723c751e8b465ee728b)
Start importing Assets/textures/2k_stars_milky_way.jpg using Guid(79b73d1c19029824e9a198c40531b5f4) Importer(815301076,1909f56bfc062723c751e8b465ee728b)  -> (artifact id: '01be67d0ac99a964913e9ff91fc7507d') in 0.228786 seconds 
========================================================================
Received Import Request.
  Time since last request: 0.000046 seconds.
  path: Assets/textures/2k_jupiter.jpg
  artifactKey: Guid(423b3d6a8e1d4534ab3c6cdfd8665f49) Importer(815301076,1909f56bfc062723c751e8b465ee728b)
Start importing Assets/textures/2k_jupiter.jpg using Guid(423b3d6a8e1d4534ab3c6cdfd8665f49) Importer(815301076,1909f56bfc062723c751e8b465ee728b)  -> (artifact id: '591a66f109fe66eebf59af248669b339') in 0.013835 seconds 
========================================================================
Received Import Request.
  Time since last request: 0.000065 seconds.
  path: Assets/textures/2k_mars.jpg
  artifactKey: Guid(26faa37d5741d3b4e996df25c270a845) Importer(815301076,1909f56bfc062723c751e8b465ee728b)
Start importing Assets/textures/2k_mars.jpg using Guid(26faa37d5741d3b4e996df25c270a845) Importer(815301076,1909f56bfc062723c751e8b465ee728b)  -> (artifact id: '990e948bf46108ddcbc7b09364450360') in 0.013640 seconds 
========================================================================
Received Import Request.
  Time since last request: 0.000036 seconds.
  path: Assets/textures/2k_uranus.jpg
  artifactKey: Guid(dd7040823c6a16b48b594c27b7ff0c5a) Importer(815301076,1909f56bfc062723c751e8b465ee728b)
Start importing Assets/textures/2k_uranus.jpg using Guid(dd7040823c6a16b48b594c27b7ff0c5a) Importer(815301076,1909f56bfc062723c751e8b465ee728b)  -> (artifact id: '7bb3de291b74131c82115023b5ebe157') in 0.015854 seconds 
========================================================================
Received Import Request.
  Time since last request: 0.000050 seconds.
  path: Assets/textures/2k_mercury.jpg
  artifactKey: Guid(e203a4171c2816c4aa1eac6958e7a7bb) Importer(815301076,1909f56bfc062723c751e8b465ee728b)
Start importing Assets/textures/2k_mercury.jpg using Guid(e203a4171c2816c4aa1eac6958e7a7bb) Importer(815301076,1909f56bfc062723c751e8b465ee728b)  -> (artifact id: '16fc2355a9e4e2006dd5334c8bb18692') in 0.012787 seconds 
========================================================================
Received Import Request.
  Time since last request: 0.000046 seconds.
  path: Assets/textures/2k_saturn_ring_alpha.png
  artifactKey: Guid(1f4dbcdbf720876428991d5c804cdc55) Importer(815301076,1909f56bfc062723c751e8b465ee728b)
Start importing Assets/textures/2k_saturn_ring_alpha.png using Guid(1f4dbcdbf720876428991d5c804cdc55) Importer(815301076,1909f56bfc062723c751e8b465ee728b)  -> (artifact id: '4bf26748a0822e68b6d68fdd9a63a6d3') in 0.024136 seconds 
Editor requested this worker to shutdown with reason: Scaling down because of idle timeout
AssetImportWorker is now disconnected from the server
Process exiting
Exiting without the bug reporter. Application will terminate with return code 0